npm warn Unknown env config "auto-install-peers". This will stop working in the next major version of npm. See `npm help npmrc` for supported config options.
npm warn Unknown env config "recursive". This will stop working in the next major version of npm. See `npm help npmrc` for supported config options.
[32m✔[0m [33mConsole Ninja[0m extension is connected to [33mVite[0m, see [36mhttps://tinyurl.com/2vt8jxzw[0m
Port 5173 is in use, trying another one...

  [32m[1mVITE[22m v5.4.21[39m  [2mready in [0m[1m848[22m[2m[0m ms[22m

  [32m➜[39m  [1mLocal[22m:   [36mhttp://localhost:[1m5174[22m/[39m
[2m  [32m➜[39m  [1mNetwork[22m[2m: use [22m[1m--host[22m[2m to expose[22m
[2m21:57:36[22m [36m[1m[vite][22m[39m [32mpage reload [39m[2msrc/main.js[22m
[2m22:06:04[22m [36m[1m[vite][22m[39m [32mpage reload [39m[2mindex.html[22m
[2m22:12:00[22m [36m[1m[vite][22m[39m [32mpage reload [39m[2msrc/main.js[22m
[2m22:12:06[22m [36m[1m[vite][22m[39m [32mpage reload [39m[2msrc/main.js[22m
[2m22:13:56[22m [36m[1m[vite][22m[39m [32mpage reload [39m[2mindex.html[22m
[2m22:35:38[22m [36m[1m[vite][22m[39m [32mpage reload [39m[2msrc/main.js[22m
[2m22:35:56[22m [36m[1m[vite][22m[39m [32mhmr update [39m[2m/style.css?direct[22m
[2m22:36:25[22m [36m[1m[vite][22m[39m [32mpage reload [39m[2mindex.html[22m
[2m22:51:06[22m [36m[1m[vite][22m[39m [32mpage reload [39m[2mindex.html[22m
[2m22:51:06[22m [36m[1m[vite][22m[39m [32mpage reload [39m[2msrc/main.js[22m
[2m02:09:06[22m [36m[1m[vite][22m[39m [32mpage reload [39m[2mindex.html[22m
[2m02:09:28[22m [36m[1m[vite][22m[39m [32mhmr update [39m[2m/style.css?direct[22m
[2m02:09:34[22m [36m[1m[vite][22m[39m [32mpage reload [39m[2msrc/main.js[22m
[2m02:09:47[22m [36m[1m[vite][22m[39m [32mpage reload [39m[2msrc/main.js[22m
[2m02:09:52[22m [36m[1m[vite][22m[39m [32mpage reload [39m[2msrc/main.js[22m
[2m02:10:01[22m [36m[1m[vite][22m[39m [32mpage reload [39m[2msrc/main.js[22m
[2m02:10:10[22m [36m[1m[vite][22m[39m [32mpage reload [39m[2msrc/main.js[22m
[2m02:10:13[22m [36m[1m[vite][22m[39m [32mpage reload [39m[2msrc/main.js[22m
[2m02:10:23[22m [36m[1m[vite][22m[39m [32mpage reload [39m[2msrc/main.js[22m
[2m02:10:36[22m [36m[1m[vite][22m[39m [32mpage reload [39m[2msrc/main.js[22m
[2m02:10:42[22m [36m[1m[vite][22m[39m [32mpage reload [39m[2msrc/main.js[22m
[2m02:11:03[22m [36m[1m[vite][22m[39m [32mpage reload [39m[2msrc/main.js[22m
[2m02:11:30[22m [36m[1m[vite][22m[39m [32mpage reload [39m[2msrc/main.js[22m
[2m02:11:36[22m [36m[1m[vite][22m[39m [32mpage reload [39m[2msrc/main.js[22m
[2m02:11:53[22m [36m[1m[vite][22m[39m [32mpage reload [39m[2msrc/main.js[22m
[2m02:11:58[22m [36m[1m[vite][22m[39m [32mpage reload [39m[2msrc/main.js[22m
[2m02:12:14[22m [36m[1m[vite][22m[39m [32mpage reload [39m[2msrc/main.js[22m
[2m02:12:24[22m [36m[1m[vite][22m[39m [32mpage reload [39m[2mindex.html[22m
[2m02:12:42[22m [36m[1m[vite][22m[39m [32mhmr update [39m[2m/style.css?direct[22m
[2m02:12:46[22m [36m[1m[vite][22m[39m [32mhmr update [39m[2m/style.css?direct[22m
[2m02:17:55[22m [36m[1m[vite][22m[39m [32mpage reload [39m[2msrc/main.js[22m
[2m02:18:08[22m [36m[1m[vite][22m[39m [32mpage reload [39m[2mindex.html[22m
[2m02:18:23[22m [36m[1m[vite][22m[39m [32mpage reload [39m[2msrc/main.js[22m
[2m02:18:41[22m [36m[1m[vite][22m[39m [32mhmr update [39m[2m/style.css?direct[22m
[2m02:20:21[22m [36m[1m[vite][22m[39m [32mpage reload [39m[2mindex.html[22m
[2m02:20:43[22m [36m[1m[vite][22m[39m [32mhmr update [39m[2m/style.css?direct[22m
[2m02:21:25[22m [36m[1m[vite][22m[39m [32mpage reload [39m[2msrc/main.js[22m
[2m02:21:38[22m [36m[1m[vite][22m[39m [32mpage reload [39m[2msrc/main.js[22m
[2m02:21:45[22m [36m[1m[vite][22m[39m [32mpage reload [39m[2msrc/main.js[22m
[2m02:28:50[22m [36m[1m[vite][22m[39m [32mpage reload [39m[2msrc/main.js[22m
[2m02:28:55[22m [36m[1m[vite][22m[39m [32mpage reload [39m[2msrc/main.js[22m
[2m02:29:01[22m [36m[1m[vite][22m[39m [32mpage reload [39m[2msrc/main.js[22m
[2m02:29:06[22m [36m[1m[vite][22m[39m [32mpage reload [39m[2msrc/main.js[22m
[2m02:29:43[22m [36m[1m[vite][22m[39m [32mpage reload [39m[2msrc/main.js[22m
[2m02:29:57[22m [36m[1m[vite][22m[39m [32mpage reload [39m[2msrc/main.js[22m
[2m02:30:57[22m [36m[1m[vite][22m[39m [32mpage reload [39m[2mindex.html[22m
[2m02:31:04[22m [36m[1m[vite][22m[39m [32mhmr update [39m[2m/style.css?direct[22m
[2m02:31:21[22m [36m[1m[vite][22m[39m [32mpage reload [39m[2msrc/main.js[22m
[2m02:31:27[22m [36m[1m[vite][22m[39m [32mpage reload [39m[2msrc/main.js[22m
[2m02:31:31[22m [36m[1m[vite][22m[39m [32mpage reload [39m[2msrc/main.js[22m
[2m03:10:02[22m [36m[1m[vite][22m[39m [32mpage reload [39m[2msrc/main.js[22m
[2m03:15:44[22m [36m[1m[vite][22m[39m [32mpage reload [39m[2msrc/main.js[22m
[2m03:15:56[22m [36m[1m[vite][22m[39m [32mpage reload [39m[2msrc/main.js[22m
[2m03:25:41[22m [36m[1m[vite][22m[39m [32m✨ new dependencies optimized: [33mastronomy-engine[32m[39m
[2m03:25:41[22m [36m[1m[vite][22m[39m [32m✨ optimized dependencies changed. reloading[39m
